<?xml version="1.0" encoding="UTF-8"?>
<!-- Generated by org.testng.reporters.JUnitReportReporter -->
<testsuite hostname="thrymr-All-Series" failures="0" tests="1" name="TestCases.Alerts" time="20.480" errors="0" timestamp="2024-12-13T17:04:48 IST" skipped="0">
  <testcase classname="TestCases.Alerts" name="checking_for_fourth_alert_cancel" time="20.480"/>
</testsuite> <!-- TestCases.Alerts -->
